Performing C SOURCE FILE Test HAVE_GCC_PREFERRED_STACK_BOUNDARY failed with the following output:
Change Dir: /home/Verevkin/VSCode/izgProject/build/CMakeFiles/CMakeTmp

Run Build Command(s):/usr/bin/gmake -f Makefile cmTC_6f3fd/fast && /usr/bin/gmake  -f CMakeFiles/cmTC_6f3fd.dir/build.make CMakeFiles/cmTC_6f3fd.dir/build
gmake[1]: Entering directory '/home/Verevkin/VSCode/izgProject/build/CMakeFiles/CMakeTmp'
Building C object CMakeFiles/cmTC_6f3fd.dir/src.c.o
/usr/bin/cc -DHAVE_GCC_PREFERRED_STACK_BOUNDARY  -idirafter "/home/Verevkin/VSCode/izgProject/libs/SDL2-2.0.20/src/video/khronos" -mpreferred-stack-boundary=2 -std=gnu99 -o CMakeFiles/cmTC_6f3fd.dir/src.c.o -c /home/Verevkin/VSCode/izgProject/build/CMakeFiles/CMakeTmp/src.c
cc1: error: ‘-mpreferred-stack-boundary=2’ is not between 3 and 12
gmake[1]: *** [CMakeFiles/cmTC_6f3fd.dir/build.make:78: CMakeFiles/cmTC_6f3fd.dir/src.c.o] Error 1
gmake[1]: Leaving directory '/home/Verevkin/VSCode/izgProject/build/CMakeFiles/CMakeTmp'
gmake: *** [Makefile:127: cmTC_6f3fd/fast] Error 2


Source file was:
int x = 0; int main(int argc, char **argv) {}
Performing C SOURCE FILE Test HAVE_ALTIVEC_H_HDR failed with the following output:
Change Dir: /home/Verevkin/VSCode/izgProject/build/CMakeFiles/CMakeTmp

Run Build Command(s):/usr/bin/gmake -f Makefile cmTC_591cd/fast && /usr/bin/gmake  -f CMakeFiles/cmTC_591cd.dir/build.make CMakeFiles/cmTC_591cd.dir/build
gmake[1]: Entering directory '/home/Verevkin/VSCode/izgProject/build/CMakeFiles/CMakeTmp'
Building C object CMakeFiles/cmTC_591cd.dir/src.c.o
/usr/bin/cc -DHAVE_ALTIVEC_H_HDR  -idirafter "/home/Verevkin/VSCode/izgProject/libs/SDL2-2.0.20/src/video/khronos" -maltivec -std=gnu99 -o CMakeFiles/cmTC_591cd.dir/src.c.o -c /home/Verevkin/VSCode/izgProject/build/CMakeFiles/CMakeTmp/src.c
cc: error: unrecognized command-line option ‘-maltivec’
gmake[1]: *** [CMakeFiles/cmTC_591cd.dir/build.make:78: CMakeFiles/cmTC_591cd.dir/src.c.o] Error 1
gmake[1]: Leaving directory '/home/Verevkin/VSCode/izgProject/build/CMakeFiles/CMakeTmp'
gmake: *** [Makefile:127: cmTC_591cd/fast] Error 2


Source file was:

          #include <altivec.h>
          vector unsigned int vzero() {
              return vec_splat_u32(0);
          }
          int main(int argc, char **argv) { }
Performing C SOURCE FILE Test HAVE_ALTIVEC failed with the following output:
Change Dir: /home/Verevkin/VSCode/izgProject/build/CMakeFiles/CMakeTmp

Run Build Command(s):/usr/bin/gmake -f Makefile cmTC_60ca7/fast && /usr/bin/gmake  -f CMakeFiles/cmTC_60ca7.dir/build.make CMakeFiles/cmTC_60ca7.dir/build
gmake[1]: Entering directory '/home/Verevkin/VSCode/izgProject/build/CMakeFiles/CMakeTmp'
Building C object CMakeFiles/cmTC_60ca7.dir/src.c.o
/usr/bin/cc -DHAVE_ALTIVEC  -idirafter "/home/Verevkin/VSCode/izgProject/libs/SDL2-2.0.20/src/video/khronos" -maltivec -std=gnu99 -o CMakeFiles/cmTC_60ca7.dir/src.c.o -c /home/Verevkin/VSCode/izgProject/build/CMakeFiles/CMakeTmp/src.c
cc: error: unrecognized command-line option ‘-maltivec’
gmake[1]: *** [CMakeFiles/cmTC_60ca7.dir/build.make:78: CMakeFiles/cmTC_60ca7.dir/src.c.o] Error 1
gmake[1]: Leaving directory '/home/Verevkin/VSCode/izgProject/build/CMakeFiles/CMakeTmp'
gmake: *** [Makefile:127: cmTC_60ca7/fast] Error 2


Source file was:

          vector unsigned int vzero() {
              return vec_splat_u32(0);
          }
          int main(int argc, char **argv) { }
Determining if the include file libunwind.h exists failed with the following output:
Change Dir: /home/Verevkin/VSCode/izgProject/build/CMakeFiles/CMakeTmp

Run Build Command(s):/usr/bin/gmake -f Makefile cmTC_b3d94/fast && /usr/bin/gmake  -f CMakeFiles/cmTC_b3d94.dir/build.make CMakeFiles/cmTC_b3d94.dir/build
gmake[1]: Entering directory '/home/Verevkin/VSCode/izgProject/build/CMakeFiles/CMakeTmp'
Building C object CMakeFiles/cmTC_b3d94.dir/CheckIncludeFile.c.o
/usr/bin/cc   -idirafter "/home/Verevkin/VSCode/izgProject/libs/SDL2-2.0.20/src/video/khronos"  -o CMakeFiles/cmTC_b3d94.dir/CheckIncludeFile.c.o -c /home/Verevkin/VSCode/izgProject/build/CMakeFiles/CMakeTmp/CheckIncludeFile.c
/home/Verevkin/VSCode/izgProject/build/CMakeFiles/CMakeTmp/CheckIncludeFile.c:1:10: fatal error: libunwind.h: No such file or directory
    1 | #include <libunwind.h>
      |          ^~~~~~~~~~~~~
compilation terminated.
gmake[1]: *** [CMakeFiles/cmTC_b3d94.dir/build.make:78: CMakeFiles/cmTC_b3d94.dir/CheckIncludeFile.c.o] Error 1
gmake[1]: Leaving directory '/home/Verevkin/VSCode/izgProject/build/CMakeFiles/CMakeTmp'
gmake: *** [Makefile:127: cmTC_b3d94/fast] Error 2



Determining if the strlcpy exist failed with the following output:
Change Dir: /home/Verevkin/VSCode/izgProject/build/CMakeFiles/CMakeTmp

Run Build Command(s):/usr/bin/gmake -f Makefile cmTC_86e33/fast && /usr/bin/gmake  -f CMakeFiles/cmTC_86e33.dir/build.make CMakeFiles/cmTC_86e33.dir/build
gmake[1]: Entering directory '/home/Verevkin/VSCode/izgProject/build/CMakeFiles/CMakeTmp'
Building C object CMakeFiles/cmTC_86e33.dir/CheckSymbolExists.c.o
/usr/bin/cc   -idirafter "/home/Verevkin/VSCode/izgProject/libs/SDL2-2.0.20/src/video/khronos"  -o CMakeFiles/cmTC_86e33.dir/CheckSymbolExists.c.o -c /home/Verevkin/VSCode/izgProject/build/CMakeFiles/CMakeTmp/CheckSymbolExists.c
/home/Verevkin/VSCode/izgProject/build/CMakeFiles/CMakeTmp/CheckSymbolExists.c: In function ‘main’:
/home/Verevkin/VSCode/izgProject/build/CMakeFiles/CMakeTmp/CheckSymbolExists.c:14:19: error: ‘strlcpy’ undeclared (first use in this function); did you mean ‘strncpy’?
   14 |   return ((int*)(&strlcpy))[argc];
      |                   ^~~~~~~
      |                   strncpy
/home/Verevkin/VSCode/izgProject/build/CMakeFiles/CMakeTmp/CheckSymbolExists.c:14:19: note: each undeclared identifier is reported only once for each function it appears in
gmake[1]: *** [CMakeFiles/cmTC_86e33.dir/build.make:78: CMakeFiles/cmTC_86e33.dir/CheckSymbolExists.c.o] Error 1
gmake[1]: Leaving directory '/home/Verevkin/VSCode/izgProject/build/CMakeFiles/CMakeTmp'
gmake: *** [Makefile:127: cmTC_86e33/fast] Error 2


File /home/Verevkin/VSCode/izgProject/build/CMakeFiles/CMakeTmp/CheckSymbolExists.c:
/* */
#include <stddef.h>
#include <stdarg.h>
#include <stdlib.h>
#include <string.h>
#include <stdio.h>
#include <wchar.h>
#include <float.h>

int main(int argc, char** argv)
{
  (void)argv;
#ifndef strlcpy
  return ((int*)(&strlcpy))[argc];
#else
  (void)argc;
  return 0;
#endif
}
Determining if the strlcat exist failed with the following output:
Change Dir: /home/Verevkin/VSCode/izgProject/build/CMakeFiles/CMakeTmp

Run Build Command(s):/usr/bin/gmake -f Makefile cmTC_42297/fast && /usr/bin/gmake  -f CMakeFiles/cmTC_42297.dir/build.make CMakeFiles/cmTC_42297.dir/build
gmake[1]: Entering directory '/home/Verevkin/VSCode/izgProject/build/CMakeFiles/CMakeTmp'
Building C object CMakeFiles/cmTC_42297.dir/CheckSymbolExists.c.o
/usr/bin/cc   -idirafter "/home/Verevkin/VSCode/izgProject/libs/SDL2-2.0.20/src/video/khronos"  -o CMakeFiles/cmTC_42297.dir/CheckSymbolExists.c.o -c /home/Verevkin/VSCode/izgProject/build/CMakeFiles/CMakeTmp/CheckSymbolExists.c
/home/Verevkin/VSCode/izgProject/build/CMakeFiles/CMakeTmp/CheckSymbolExists.c: In function ‘main’:
/home/Verevkin/VSCode/izgProject/build/CMakeFiles/CMakeTmp/CheckSymbolExists.c:14:19: error: ‘strlcat’ undeclared (first use in this function); did you mean ‘strncat’?
   14 |   return ((int*)(&strlcat))[argc];
      |                   ^~~~~~~
      |                   strncat
/home/Verevkin/VSCode/izgProject/build/CMakeFiles/CMakeTmp/CheckSymbolExists.c:14:19: note: each undeclared identifier is reported only once for each function it appears in
gmake[1]: *** [CMakeFiles/cmTC_42297.dir/build.make:78: CMakeFiles/cmTC_42297.dir/CheckSymbolExists.c.o] Error 1
gmake[1]: Leaving directory '/home/Verevkin/VSCode/izgProject/build/CMakeFiles/CMakeTmp'
gmake: *** [Makefile:127: cmTC_42297/fast] Error 2


File /home/Verevkin/VSCode/izgProject/build/CMakeFiles/CMakeTmp/CheckSymbolExists.c:
/* */
#include <stddef.h>
#include <stdarg.h>
#include <stdlib.h>
#include <string.h>
#include <stdio.h>
#include <wchar.h>
#include <float.h>

int main(int argc, char** argv)
{
  (void)argv;
#ifndef strlcat
  return ((int*)(&strlcat))[argc];
#else
  (void)argc;
  return 0;
#endif
}
Determining if the _strrev exist failed with the following output:
Change Dir: /home/Verevkin/VSCode/izgProject/build/CMakeFiles/CMakeTmp

Run Build Command(s):/usr/bin/gmake -f Makefile cmTC_42eef/fast && /usr/bin/gmake  -f CMakeFiles/cmTC_42eef.dir/build.make CMakeFiles/cmTC_42eef.dir/build
gmake[1]: Entering directory '/home/Verevkin/VSCode/izgProject/build/CMakeFiles/CMakeTmp'
Building C object CMakeFiles/cmTC_42eef.dir/CheckSymbolExists.c.o
/usr/bin/cc   -idirafter "/home/Verevkin/VSCode/izgProject/libs/SDL2-2.0.20/src/video/khronos"  -o CMakeFiles/cmTC_42eef.dir/CheckSymbolExists.c.o -c /home/Verevkin/VSCode/izgProject/build/CMakeFiles/CMakeTmp/CheckSymbolExists.c
/home/Verevkin/VSCode/izgProject/build/CMakeFiles/CMakeTmp/CheckSymbolExists.c: In function ‘main’:
/home/Verevkin/VSCode/izgProject/build/CMakeFiles/CMakeTmp/CheckSymbolExists.c:14:19: error: ‘_strrev’ undeclared (first use in this function)
   14 |   return ((int*)(&_strrev))[argc];
      |                   ^~~~~~~
/home/Verevkin/VSCode/izgProject/build/CMakeFiles/CMakeTmp/CheckSymbolExists.c:14:19: note: each undeclared identifier is reported only once for each function it appears in
gmake[1]: *** [CMakeFiles/cmTC_42eef.dir/build.make:78: CMakeFiles/cmTC_42eef.dir/CheckSymbolExists.c.o] Error 1
gmake[1]: Leaving directory '/home/Verevkin/VSCode/izgProject/build/CMakeFiles/CMakeTmp'
gmake: *** [Makefile:127: cmTC_42eef/fast] Error 2


File /home/Verevkin/VSCode/izgProject/build/CMakeFiles/CMakeTmp/CheckSymbolExists.c:
/* */
#include <stddef.h>
#include <stdarg.h>
#include <stdlib.h>
#include <string.h>
#include <stdio.h>
#include <wchar.h>
#include <float.h>

int main(int argc, char** argv)
{
  (void)argv;
#ifndef _strrev
  return ((int*)(&_strrev))[argc];
#else
  (void)argc;
  return 0;
#endif
}
Determining if the _strupr exist failed with the following output:
Change Dir: /home/Verevkin/VSCode/izgProject/build/CMakeFiles/CMakeTmp

Run Build Command(s):/usr/bin/gmake -f Makefile cmTC_08d2e/fast && /usr/bin/gmake  -f CMakeFiles/cmTC_08d2e.dir/build.make CMakeFiles/cmTC_08d2e.dir/build
gmake[1]: Entering directory '/home/Verevkin/VSCode/izgProject/build/CMakeFiles/CMakeTmp'
Building C object CMakeFiles/cmTC_08d2e.dir/CheckSymbolExists.c.o
/usr/bin/cc   -idirafter "/home/Verevkin/VSCode/izgProject/libs/SDL2-2.0.20/src/video/khronos"  -o CMakeFiles/cmTC_08d2e.dir/CheckSymbolExists.c.o -c /home/Verevkin/VSCode/izgProject/build/CMakeFiles/CMakeTmp/CheckSymbolExists.c
/home/Verevkin/VSCode/izgProject/build/CMakeFiles/CMakeTmp/CheckSymbolExists.c: In function ‘main’:
/home/Verevkin/VSCode/izgProject/build/CMakeFiles/CMakeTmp/CheckSymbolExists.c:14:19: error: ‘_strupr’ undeclared (first use in this function)
   14 |   return ((int*)(&_strupr))[argc];
      |                   ^~~~~~~
/home/Verevkin/VSCode/izgProject/build/CMakeFiles/CMakeTmp/CheckSymbolExists.c:14:19: note: each undeclared identifier is reported only once for each function it appears in
gmake[1]: *** [CMakeFiles/cmTC_08d2e.dir/build.make:78: CMakeFiles/cmTC_08d2e.dir/CheckSymbolExists.c.o] Error 1
gmake[1]: Leaving directory '/home/Verevkin/VSCode/izgProject/build/CMakeFiles/CMakeTmp'
gmake: *** [Makefile:127: cmTC_08d2e/fast] Error 2


File /home/Verevkin/VSCode/izgProject/build/CMakeFiles/CMakeTmp/CheckSymbolExists.c:
/* */
#include <stddef.h>
#include <stdarg.h>
#include <stdlib.h>
#include <string.h>
#include <stdio.h>
#include <wchar.h>
#include <float.h>

int main(int argc, char** argv)
{
  (void)argv;
#ifndef _strupr
  return ((int*)(&_strupr))[argc];
#else
  (void)argc;
  return 0;
#endif
}
Determining if the _strlwr exist failed with the following output:
Change Dir: /home/Verevkin/VSCode/izgProject/build/CMakeFiles/CMakeTmp

Run Build Command(s):/usr/bin/gmake -f Makefile cmTC_c797a/fast && /usr/bin/gmake  -f CMakeFiles/cmTC_c797a.dir/build.make CMakeFiles/cmTC_c797a.dir/build
gmake[1]: Entering directory '/home/Verevkin/VSCode/izgProject/build/CMakeFiles/CMakeTmp'
Building C object CMakeFiles/cmTC_c797a.dir/CheckSymbolExists.c.o
/usr/bin/cc   -idirafter "/home/Verevkin/VSCode/izgProject/libs/SDL2-2.0.20/src/video/khronos"  -o CMakeFiles/cmTC_c797a.dir/CheckSymbolExists.c.o -c /home/Verevkin/VSCode/izgProject/build/CMakeFiles/CMakeTmp/CheckSymbolExists.c
/home/Verevkin/VSCode/izgProject/build/CMakeFiles/CMakeTmp/CheckSymbolExists.c: In function ‘main’:
/home/Verevkin/VSCode/izgProject/build/CMakeFiles/CMakeTmp/CheckSymbolExists.c:14:19: error: ‘_strlwr’ undeclared (first use in this function)
   14 |   return ((int*)(&_strlwr))[argc];
      |                   ^~~~~~~
/home/Verevkin/VSCode/izgProject/build/CMakeFiles/CMakeTmp/CheckSymbolExists.c:14:19: note: each undeclared identifier is reported only once for each function it appears in
gmake[1]: *** [CMakeFiles/cmTC_c797a.dir/build.make:78: CMakeFiles/cmTC_c797a.dir/CheckSymbolExists.c.o] Error 1
gmake[1]: Leaving directory '/home/Verevkin/VSCode/izgProject/build/CMakeFiles/CMakeTmp'
gmake: *** [Makefile:127: cmTC_c797a/fast] Error 2


File /home/Verevkin/VSCode/izgProject/build/CMakeFiles/CMakeTmp/CheckSymbolExists.c:
/* */
#include <stddef.h>
#include <stdarg.h>
#include <stdlib.h>
#include <string.h>
#include <stdio.h>
#include <wchar.h>
#include <float.h>

int main(int argc, char** argv)
{
  (void)argv;
#ifndef _strlwr
  return ((int*)(&_strlwr))[argc];
#else
  (void)argc;
  return 0;
#endif
}
Determining if the itoa exist failed with the following output:
Change Dir: /home/Verevkin/VSCode/izgProject/build/CMakeFiles/CMakeTmp

Run Build Command(s):/usr/bin/gmake -f Makefile cmTC_67b6e/fast && /usr/bin/gmake  -f CMakeFiles/cmTC_67b6e.dir/build.make CMakeFiles/cmTC_67b6e.dir/build
gmake[1]: Entering directory '/home/Verevkin/VSCode/izgProject/build/CMakeFiles/CMakeTmp'
Building C object CMakeFiles/cmTC_67b6e.dir/CheckSymbolExists.c.o
/usr/bin/cc   -idirafter "/home/Verevkin/VSCode/izgProject/libs/SDL2-2.0.20/src/video/khronos"  -o CMakeFiles/cmTC_67b6e.dir/CheckSymbolExists.c.o -c /home/Verevkin/VSCode/izgProject/build/CMakeFiles/CMakeTmp/CheckSymbolExists.c
/home/Verevkin/VSCode/izgProject/build/CMakeFiles/CMakeTmp/CheckSymbolExists.c: In function ‘main’:
/home/Verevkin/VSCode/izgProject/build/CMakeFiles/CMakeTmp/CheckSymbolExists.c:14:19: error: ‘itoa’ undeclared (first use in this function)
   14 |   return ((int*)(&itoa))[argc];
      |                   ^~~~
/home/Verevkin/VSCode/izgProject/build/CMakeFiles/CMakeTmp/CheckSymbolExists.c:14:19: note: each undeclared identifier is reported only once for each function it appears in
gmake[1]: *** [CMakeFiles/cmTC_67b6e.dir/build.make:78: CMakeFiles/cmTC_67b6e.dir/CheckSymbolExists.c.o] Error 1
gmake[1]: Leaving directory '/home/Verevkin/VSCode/izgProject/build/CMakeFiles/CMakeTmp'
gmake: *** [Makefile:127: cmTC_67b6e/fast] Error 2


File /home/Verevkin/VSCode/izgProject/build/CMakeFiles/CMakeTmp/CheckSymbolExists.c:
/* */
#include <stddef.h>
#include <stdarg.h>
#include <stdlib.h>
#include <string.h>
#include <stdio.h>
#include <wchar.h>
#include <float.h>

int main(int argc, char** argv)
{
  (void)argv;
#ifndef itoa
  return ((int*)(&itoa))[argc];
#else
  (void)argc;
  return 0;
#endif
}
Determining if the _ltoa exist failed with the following output:
Change Dir: /home/Verevkin/VSCode/izgProject/build/CMakeFiles/CMakeTmp

Run Build Command(s):/usr/bin/gmake -f Makefile cmTC_516af/fast && /usr/bin/gmake  -f CMakeFiles/cmTC_516af.dir/build.make CMakeFiles/cmTC_516af.dir/build
gmake[1]: Entering directory '/home/Verevkin/VSCode/izgProject/build/CMakeFiles/CMakeTmp'
Building C object CMakeFiles/cmTC_516af.dir/CheckSymbolExists.c.o
/usr/bin/cc   -idirafter "/home/Verevkin/VSCode/izgProject/libs/SDL2-2.0.20/src/video/khronos"  -o CMakeFiles/cmTC_516af.dir/CheckSymbolExists.c.o -c /home/Verevkin/VSCode/izgProject/build/CMakeFiles/CMakeTmp/CheckSymbolExists.c
/home/Verevkin/VSCode/izgProject/build/CMakeFiles/CMakeTmp/CheckSymbolExists.c: In function ‘main’:
/home/Verevkin/VSCode/izgProject/build/CMakeFiles/CMakeTmp/CheckSymbolExists.c:14:19: error: ‘_ltoa’ undeclared (first use in this function)
   14 |   return ((int*)(&_ltoa))[argc];
      |                   ^~~~~
/home/Verevkin/VSCode/izgProject/build/CMakeFiles/CMakeTmp/CheckSymbolExists.c:14:19: note: each undeclared identifier is reported only once for each function it appears in
gmake[1]: *** [CMakeFiles/cmTC_516af.dir/build.make:78: CMakeFiles/cmTC_516af.dir/CheckSymbolExists.c.o] Error 1
gmake[1]: Leaving directory '/home/Verevkin/VSCode/izgProject/build/CMakeFiles/CMakeTmp'
gmake: *** [Makefile:127: cmTC_516af/fast] Error 2


File /home/Verevkin/VSCode/izgProject/build/CMakeFiles/CMakeTmp/CheckSymbolExists.c:
/* */
#include <stddef.h>
#include <stdarg.h>
#include <stdlib.h>
#include <string.h>
#include <stdio.h>
#include <wchar.h>
#include <float.h>

int main(int argc, char** argv)
{
  (void)argv;
#ifndef _ltoa
  return ((int*)(&_ltoa))[argc];
#else
  (void)argc;
  return 0;
#endif
}
Determining if the _uitoa exist failed with the following output:
Change Dir: /home/Verevkin/VSCode/izgProject/build/CMakeFiles/CMakeTmp

Run Build Command(s):/usr/bin/gmake -f Makefile cmTC_0b7d7/fast && /usr/bin/gmake  -f CMakeFiles/cmTC_0b7d7.dir/build.make CMakeFiles/cmTC_0b7d7.dir/build
gmake[1]: Entering directory '/home/Verevkin/VSCode/izgProject/build/CMakeFiles/CMakeTmp'
Building C object CMakeFiles/cmTC_0b7d7.dir/CheckSymbolExists.c.o
/usr/bin/cc   -idirafter "/home/Verevkin/VSCode/izgProject/libs/SDL2-2.0.20/src/video/khronos"  -o CMakeFiles/cmTC_0b7d7.dir/CheckSymbolExists.c.o -c /home/Verevkin/VSCode/izgProject/build/CMakeFiles/CMakeTmp/CheckSymbolExists.c
/home/Verevkin/VSCode/izgProject/build/CMakeFiles/CMakeTmp/CheckSymbolExists.c: In function ‘main’:
/home/Verevkin/VSCode/izgProject/build/CMakeFiles/CMakeTmp/CheckSymbolExists.c:14:19: error: ‘_uitoa’ undeclared (first use in this function)
   14 |   return ((int*)(&_uitoa))[argc];
      |                   ^~~~~~
/home/Verevkin/VSCode/izgProject/build/CMakeFiles/CMakeTmp/CheckSymbolExists.c:14:19: note: each undeclared identifier is reported only once for each function it appears in
gmake[1]: *** [CMakeFiles/cmTC_0b7d7.dir/build.make:78: CMakeFiles/cmTC_0b7d7.dir/CheckSymbolExists.c.o] Error 1
gmake[1]: Leaving directory '/home/Verevkin/VSCode/izgProject/build/CMakeFiles/CMakeTmp'
gmake: *** [Makefile:127: cmTC_0b7d7/fast] Error 2


File /home/Verevkin/VSCode/izgProject/build/CMakeFiles/CMakeTmp/CheckSymbolExists.c:
/* */
#include <stddef.h>
#include <stdarg.h>
#include <stdlib.h>
#include <string.h>
#include <stdio.h>
#include <wchar.h>
#include <float.h>

int main(int argc, char** argv)
{
  (void)argv;
#ifndef _uitoa
  return ((int*)(&_uitoa))[argc];
#else
  (void)argc;
  return 0;
#endif
}
Determining if the _ultoa exist failed with the following output:
Change Dir: /home/Verevkin/VSCode/izgProject/build/CMakeFiles/CMakeTmp

Run Build Command(s):/usr/bin/gmake -f Makefile cmTC_b00f9/fast && /usr/bin/gmake  -f CMakeFiles/cmTC_b00f9.dir/build.make CMakeFiles/cmTC_b00f9.dir/build
gmake[1]: Entering directory '/home/Verevkin/VSCode/izgProject/build/CMakeFiles/CMakeTmp'
Building C object CMakeFiles/cmTC_b00f9.dir/CheckSymbolExists.c.o
/usr/bin/cc   -idirafter "/home/Verevkin/VSCode/izgProject/libs/SDL2-2.0.20/src/video/khronos"  -o CMakeFiles/cmTC_b00f9.dir/CheckSymbolExists.c.o -c /home/Verevkin/VSCode/izgProject/build/CMakeFiles/CMakeTmp/CheckSymbolExists.c
/home/Verevkin/VSCode/izgProject/build/CMakeFiles/CMakeTmp/CheckSymbolExists.c: In function ‘main’:
/home/Verevkin/VSCode/izgProject/build/CMakeFiles/CMakeTmp/CheckSymbolExists.c:14:19: error: ‘_ultoa’ undeclared (first use in this function)
   14 |   return ((int*)(&_ultoa))[argc];
      |                   ^~~~~~
/home/Verevkin/VSCode/izgProject/build/CMakeFiles/CMakeTmp/CheckSymbolExists.c:14:19: note: each undeclared identifier is reported only once for each function it appears in
gmake[1]: *** [CMakeFiles/cmTC_b00f9.dir/build.make:78: CMakeFiles/cmTC_b00f9.dir/CheckSymbolExists.c.o] Error 1
gmake[1]: Leaving directory '/home/Verevkin/VSCode/izgProject/build/CMakeFiles/CMakeTmp'
gmake: *** [Makefile:127: cmTC_b00f9/fast] Error 2


File /home/Verevkin/VSCode/izgProject/build/CMakeFiles/CMakeTmp/CheckSymbolExists.c:
/* */
#include <stddef.h>
#include <stdarg.h>
#include <stdlib.h>
#include <string.h>
#include <stdio.h>
#include <wchar.h>
#include <float.h>

int main(int argc, char** argv)
{
  (void)argv;
#ifndef _ultoa
  return ((int*)(&_ultoa))[argc];
#else
  (void)argc;
  return 0;
#endif
}
Determining if the _i64toa exist failed with the following output:
Change Dir: /home/Verevkin/VSCode/izgProject/build/CMakeFiles/CMakeTmp

Run Build Command(s):/usr/bin/gmake -f Makefile cmTC_4a79f/fast && /usr/bin/gmake  -f CMakeFiles/cmTC_4a79f.dir/build.make CMakeFiles/cmTC_4a79f.dir/build
gmake[1]: Entering directory '/home/Verevkin/VSCode/izgProject/build/CMakeFiles/CMakeTmp'
Building C object CMakeFiles/cmTC_4a79f.dir/CheckSymbolExists.c.o
/usr/bin/cc   -idirafter "/home/Verevkin/VSCode/izgProject/libs/SDL2-2.0.20/src/video/khronos"  -o CMakeFiles/cmTC_4a79f.dir/CheckSymbolExists.c.o -c /home/Verevkin/VSCode/izgProject/build/CMakeFiles/CMakeTmp/CheckSymbolExists.c
/home/Verevkin/VSCode/izgProject/build/CMakeFiles/CMakeTmp/CheckSymbolExists.c: In function ‘main’:
/home/Verevkin/VSCode/izgProject/build/CMakeFiles/CMakeTmp/CheckSymbolExists.c:14:19: error: ‘_i64toa’ undeclared (first use in this function)
   14 |   return ((int*)(&_i64toa))[argc];
      |                   ^~~~~~~
/home/Verevkin/VSCode/izgProject/build/CMakeFiles/CMakeTmp/CheckSymbolExists.c:14:19: note: each undeclared identifier is reported only once for each function it appears in
gmake[1]: *** [CMakeFiles/cmTC_4a79f.dir/build.make:78: CMakeFiles/cmTC_4a79f.dir/CheckSymbolExists.c.o] Error 1
gmake[1]: Leaving directory '/home/Verevkin/VSCode/izgProject/build/CMakeFiles/CMakeTmp'
gmake: *** [Makefile:127: cmTC_4a79f/fast] Error 2


File /home/Verevkin/VSCode/izgProject/build/CMakeFiles/CMakeTmp/CheckSymbolExists.c:
/* */
#include <stddef.h>
#include <stdarg.h>
#include <stdlib.h>
#include <string.h>
#include <stdio.h>
#include <wchar.h>
#include <float.h>

int main(int argc, char** argv)
{
  (void)argv;
#ifndef _i64toa
  return ((int*)(&_i64toa))[argc];
#else
  (void)argc;
  return 0;
#endif
}
Determining if the _ui64toa exist failed with the following output:
Change Dir: /home/Verevkin/VSCode/izgProject/build/CMakeFiles/CMakeTmp

Run Build Command(s):/usr/bin/gmake -f Makefile cmTC_d5dc1/fast && /usr/bin/gmake  -f CMakeFiles/cmTC_d5dc1.dir/build.make CMakeFiles/cmTC_d5dc1.dir/build
gmake[1]: Entering directory '/home/Verevkin/VSCode/izgProject/build/CMakeFiles/CMakeTmp'
Building C object CMakeFiles/cmTC_d5dc1.dir/CheckSymbolExists.c.o
/usr/bin/cc   -idirafter "/home/Verevkin/VSCode/izgProject/libs/SDL2-2.0.20/src/video/khronos"  -o CMakeFiles/cmTC_d5dc1.dir/CheckSymbolExists.c.o -c /home/Verevkin/VSCode/izgProject/build/CMakeFiles/CMakeTmp/CheckSymbolExists.c
/home/Verevkin/VSCode/izgProject/build/CMakeFiles/CMakeTmp/CheckSymbolExists.c: In function ‘main’:
/home/Verevkin/VSCode/izgProject/build/CMakeFiles/CMakeTmp/CheckSymbolExists.c:14:19: error: ‘_ui64toa’ undeclared (first use in this function)
   14 |   return ((int*)(&_ui64toa))[argc];
      |                   ^~~~~~~~
/home/Verevkin/VSCode/izgProject/build/CMakeFiles/CMakeTmp/CheckSymbolExists.c:14:19: note: each undeclared identifier is reported only once for each function it appears in
gmake[1]: *** [CMakeFiles/cmTC_d5dc1.dir/build.make:78: CMakeFiles/cmTC_d5dc1.dir/CheckSymbolExists.c.o] Error 1
gmake[1]: Leaving directory '/home/Verevkin/VSCode/izgProject/build/CMakeFiles/CMakeTmp'
gmake: *** [Makefile:127: cmTC_d5dc1/fast] Error 2


File /home/Verevkin/VSCode/izgProject/build/CMakeFiles/CMakeTmp/CheckSymbolExists.c:
/* */
#include <stddef.h>
#include <stdarg.h>
#include <stdlib.h>
#include <string.h>
#include <stdio.h>
#include <wchar.h>
#include <float.h>

int main(int argc, char** argv)
{
  (void)argv;
#ifndef _ui64toa
  return ((int*)(&_ui64toa))[argc];
#else
  (void)argc;
  return 0;
#endif
}
Determining if the _stricmp exist failed with the following output:
Change Dir: /home/Verevkin/VSCode/izgProject/build/CMakeFiles/CMakeTmp

Run Build Command(s):/usr/bin/gmake -f Makefile cmTC_da0fb/fast && /usr/bin/gmake  -f CMakeFiles/cmTC_da0fb.dir/build.make CMakeFiles/cmTC_da0fb.dir/build
gmake[1]: Entering directory '/home/Verevkin/VSCode/izgProject/build/CMakeFiles/CMakeTmp'
Building C object CMakeFiles/cmTC_da0fb.dir/CheckSymbolExists.c.o
/usr/bin/cc   -idirafter "/home/Verevkin/VSCode/izgProject/libs/SDL2-2.0.20/src/video/khronos"  -o CMakeFiles/cmTC_da0fb.dir/CheckSymbolExists.c.o -c /home/Verevkin/VSCode/izgProject/build/CMakeFiles/CMakeTmp/CheckSymbolExists.c
/home/Verevkin/VSCode/izgProject/build/CMakeFiles/CMakeTmp/CheckSymbolExists.c: In function ‘main’:
/home/Verevkin/VSCode/izgProject/build/CMakeFiles/CMakeTmp/CheckSymbolExists.c:14:19: error: ‘_stricmp’ undeclared (first use in this function); did you mean ‘strncmp’?
   14 |   return ((int*)(&_stricmp))[argc];
      |                   ^~~~~~~~
      |                   strncmp
/home/Verevkin/VSCode/izgProject/build/CMakeFiles/CMakeTmp/CheckSymbolExists.c:14:19: note: each undeclared identifier is reported only once for each function it appears in
gmake[1]: *** [CMakeFiles/cmTC_da0fb.dir/build.make:78: CMakeFiles/cmTC_da0fb.dir/CheckSymbolExists.c.o] Error 1
gmake[1]: Leaving directory '/home/Verevkin/VSCode/izgProject/build/CMakeFiles/CMakeTmp'
gmake: *** [Makefile:127: cmTC_da0fb/fast] Error 2


File /home/Verevkin/VSCode/izgProject/build/CMakeFiles/CMakeTmp/CheckSymbolExists.c:
/* */
#include <stddef.h>
#include <stdarg.h>
#include <stdlib.h>
#include <string.h>
#include <stdio.h>
#include <wchar.h>
#include <float.h>

int main(int argc, char** argv)
{
  (void)argv;
#ifndef _stricmp
  return ((int*)(&_stricmp))[argc];
#else
  (void)argc;
  return 0;
#endif
}
Determining if the _strnicmp exist failed with the following output:
Change Dir: /home/Verevkin/VSCode/izgProject/build/CMakeFiles/CMakeTmp

Run Build Command(s):/usr/bin/gmake -f Makefile cmTC_4170e/fast && /usr/bin/gmake  -f CMakeFiles/cmTC_4170e.dir/build.make CMakeFiles/cmTC_4170e.dir/build
gmake[1]: Entering directory '/home/Verevkin/VSCode/izgProject/build/CMakeFiles/CMakeTmp'
Building C object CMakeFiles/cmTC_4170e.dir/CheckSymbolExists.c.o
/usr/bin/cc   -idirafter "/home/Verevkin/VSCode/izgProject/libs/SDL2-2.0.20/src/video/khronos"  -o CMakeFiles/cmTC_4170e.dir/CheckSymbolExists.c.o -c /home/Verevkin/VSCode/izgProject/build/CMakeFiles/CMakeTmp/CheckSymbolExists.c
/home/Verevkin/VSCode/izgProject/build/CMakeFiles/CMakeTmp/CheckSymbolExists.c: In function ‘main’:
/home/Verevkin/VSCode/izgProject/build/CMakeFiles/CMakeTmp/CheckSymbolExists.c:14:19: error: ‘_strnicmp’ undeclared (first use in this function); did you mean ‘strncmp’?
   14 |   return ((int*)(&_strnicmp))[argc];
      |                   ^~~~~~~~~
      |                   strncmp
/home/Verevkin/VSCode/izgProject/build/CMakeFiles/CMakeTmp/CheckSymbolExists.c:14:19: note: each undeclared identifier is reported only once for each function it appears in
gmake[1]: *** [CMakeFiles/cmTC_4170e.dir/build.make:78: CMakeFiles/cmTC_4170e.dir/CheckSymbolExists.c.o] Error 1
gmake[1]: Leaving directory '/home/Verevkin/VSCode/izgProject/build/CMakeFiles/CMakeTmp'
gmake: *** [Makefile:127: cmTC_4170e/fast] Error 2


File /home/Verevkin/VSCode/izgProject/build/CMakeFiles/CMakeTmp/CheckSymbolExists.c:
/* */
#include <stddef.h>
#include <stdarg.h>
#include <stdlib.h>
#include <string.h>
#include <stdio.h>
#include <wchar.h>
#include <float.h>

int main(int argc, char** argv)
{
  (void)argv;
#ifndef _strnicmp
  return ((int*)(&_strnicmp))[argc];
#else
  (void)argc;
  return 0;
#endif
}
Determining if the _wcsdup exist failed with the following output:
Change Dir: /home/Verevkin/VSCode/izgProject/build/CMakeFiles/CMakeTmp

Run Build Command(s):/usr/bin/gmake -f Makefile cmTC_039aa/fast && /usr/bin/gmake  -f CMakeFiles/cmTC_039aa.dir/build.make CMakeFiles/cmTC_039aa.dir/build
gmake[1]: Entering directory '/home/Verevkin/VSCode/izgProject/build/CMakeFiles/CMakeTmp'
Building C object CMakeFiles/cmTC_039aa.dir/CheckSymbolExists.c.o
/usr/bin/cc   -idirafter "/home/Verevkin/VSCode/izgProject/libs/SDL2-2.0.20/src/video/khronos"  -o CMakeFiles/cmTC_039aa.dir/CheckSymbolExists.c.o -c /home/Verevkin/VSCode/izgProject/build/CMakeFiles/CMakeTmp/CheckSymbolExists.c
/home/Verevkin/VSCode/izgProject/build/CMakeFiles/CMakeTmp/CheckSymbolExists.c: In function ‘main’:
/home/Verevkin/VSCode/izgProject/build/CMakeFiles/CMakeTmp/CheckSymbolExists.c:14:19: error: ‘_wcsdup’ undeclared (first use in this function); did you mean ‘wcsdup’?
   14 |   return ((int*)(&_wcsdup))[argc];
      |                   ^~~~~~~
      |                   wcsdup
/home/Verevkin/VSCode/izgProject/build/CMakeFiles/CMakeTmp/CheckSymbolExists.c:14:19: note: each undeclared identifier is reported only once for each function it appears in
gmake[1]: *** [CMakeFiles/cmTC_039aa.dir/build.make:78: CMakeFiles/cmTC_039aa.dir/CheckSymbolExists.c.o] Error 1
gmake[1]: Leaving directory '/home/Verevkin/VSCode/izgProject/build/CMakeFiles/CMakeTmp'
gmake: *** [Makefile:127: cmTC_039aa/fast] Error 2


File /home/Verevkin/VSCode/izgProject/build/CMakeFiles/CMakeTmp/CheckSymbolExists.c:
/* */
#include <stddef.h>
#include <stdarg.h>
#include <stdlib.h>
#include <string.h>
#include <stdio.h>
#include <wchar.h>
#include <float.h>

int main(int argc, char** argv)
{
  (void)argv;
#ifndef _wcsdup
  return ((int*)(&_wcsdup))[argc];
#else
  (void)argc;
  return 0;
#endif
}
Determining if the wcslcat exist failed with the following output:
Change Dir: /home/Verevkin/VSCode/izgProject/build/CMakeFiles/CMakeTmp

Run Build Command(s):/usr/bin/gmake -f Makefile cmTC_03c73/fast && /usr/bin/gmake  -f CMakeFiles/cmTC_03c73.dir/build.make CMakeFiles/cmTC_03c73.dir/build
gmake[1]: Entering directory '/home/Verevkin/VSCode/izgProject/build/CMakeFiles/CMakeTmp'
Building C object CMakeFiles/cmTC_03c73.dir/CheckSymbolExists.c.o
/usr/bin/cc   -idirafter "/home/Verevkin/VSCode/izgProject/libs/SDL2-2.0.20/src/video/khronos"  -o CMakeFiles/cmTC_03c73.dir/CheckSymbolExists.c.o -c /home/Verevkin/VSCode/izgProject/build/CMakeFiles/CMakeTmp/CheckSymbolExists.c
/home/Verevkin/VSCode/izgProject/build/CMakeFiles/CMakeTmp/CheckSymbolExists.c: In function ‘main’:
/home/Verevkin/VSCode/izgProject/build/CMakeFiles/CMakeTmp/CheckSymbolExists.c:14:19: error: ‘wcslcat’ undeclared (first use in this function); did you mean ‘wcsncat’?
   14 |   return ((int*)(&wcslcat))[argc];
      |                   ^~~~~~~
      |                   wcsncat
/home/Verevkin/VSCode/izgProject/build/CMakeFiles/CMakeTmp/CheckSymbolExists.c:14:19: note: each undeclared identifier is reported only once for each function it appears in
gmake[1]: *** [CMakeFiles/cmTC_03c73.dir/build.make:78: CMakeFiles/cmTC_03c73.dir/CheckSymbolExists.c.o] Error 1
gmake[1]: Leaving directory '/home/Verevkin/VSCode/izgProject/build/CMakeFiles/CMakeTmp'
gmake: *** [Makefile:127: cmTC_03c73/fast] Error 2


File /home/Verevkin/VSCode/izgProject/build/CMakeFiles/CMakeTmp/CheckSymbolExists.c:
/* */
#include <stddef.h>
#include <stdarg.h>
#include <stdlib.h>
#include <string.h>
#include <stdio.h>
#include <wchar.h>
#include <float.h>

int main(int argc, char** argv)
{
  (void)argv;
#ifndef wcslcat
  return ((int*)(&wcslcat))[argc];
#else
  (void)argc;
  return 0;
#endif
}
Determining if the wcslcpy exist failed with the following output:
Change Dir: /home/Verevkin/VSCode/izgProject/build/CMakeFiles/CMakeTmp

Run Build Command(s):/usr/bin/gmake -f Makefile cmTC_b5cba/fast && /usr/bin/gmake  -f CMakeFiles/cmTC_b5cba.dir/build.make CMakeFiles/cmTC_b5cba.dir/build
gmake[1]: Entering directory '/home/Verevkin/VSCode/izgProject/build/CMakeFiles/CMakeTmp'
Building C object CMakeFiles/cmTC_b5cba.dir/CheckSymbolExists.c.o
/usr/bin/cc   -idirafter "/home/Verevkin/VSCode/izgProject/libs/SDL2-2.0.20/src/video/khronos"  -o CMakeFiles/cmTC_b5cba.dir/CheckSymbolExists.c.o -c /home/Verevkin/VSCode/izgProject/build/CMakeFiles/CMakeTmp/CheckSymbolExists.c
/home/Verevkin/VSCode/izgProject/build/CMakeFiles/CMakeTmp/CheckSymbolExists.c: In function ‘main’:
/home/Verevkin/VSCode/izgProject/build/CMakeFiles/CMakeTmp/CheckSymbolExists.c:14:19: error: ‘wcslcpy’ undeclared (first use in this function); did you mean ‘wcsncpy’?
   14 |   return ((int*)(&wcslcpy))[argc];
      |                   ^~~~~~~
      |                   wcsncpy
/home/Verevkin/VSCode/izgProject/build/CMakeFiles/CMakeTmp/CheckSymbolExists.c:14:19: note: each undeclared identifier is reported only once for each function it appears in
gmake[1]: *** [CMakeFiles/cmTC_b5cba.dir/build.make:78: CMakeFiles/cmTC_b5cba.dir/CheckSymbolExists.c.o] Error 1
gmake[1]: Leaving directory '/home/Verevkin/VSCode/izgProject/build/CMakeFiles/CMakeTmp'
gmake: *** [Makefile:127: cmTC_b5cba/fast] Error 2


File /home/Verevkin/VSCode/izgProject/build/CMakeFiles/CMakeTmp/CheckSymbolExists.c:
/* */
#include <stddef.h>
#include <stdarg.h>
#include <stdlib.h>
#include <string.h>
#include <stdio.h>
#include <wchar.h>
#include <float.h>

int main(int argc, char** argv)
{
  (void)argv;
#ifndef wcslcpy
  return ((int*)(&wcslcpy))[argc];
#else
  (void)argc;
  return 0;
#endif
}
Determining if the _wcsicmp exist failed with the following output:
Change Dir: /home/Verevkin/VSCode/izgProject/build/CMakeFiles/CMakeTmp

Run Build Command(s):/usr/bin/gmake -f Makefile cmTC_bf43b/fast && /usr/bin/gmake  -f CMakeFiles/cmTC_bf43b.dir/build.make CMakeFiles/cmTC_bf43b.dir/build
gmake[1]: Entering directory '/home/Verevkin/VSCode/izgProject/build/CMakeFiles/CMakeTmp'
Building C object CMakeFiles/cmTC_bf43b.dir/CheckSymbolExists.c.o
/usr/bin/cc   -idirafter "/home/Verevkin/VSCode/izgProject/libs/SDL2-2.0.20/src/video/khronos"  -o CMakeFiles/cmTC_bf43b.dir/CheckSymbolExists.c.o -c /home/Verevkin/VSCode/izgProject/build/CMakeFiles/CMakeTmp/CheckSymbolExists.c
/home/Verevkin/VSCode/izgProject/build/CMakeFiles/CMakeTmp/CheckSymbolExists.c: In function ‘main’:
/home/Verevkin/VSCode/izgProject/build/CMakeFiles/CMakeTmp/CheckSymbolExists.c:14:19: error: ‘_wcsicmp’ undeclared (first use in this function); did you mean ‘wcsncmp’?
   14 |   return ((int*)(&_wcsicmp))[argc];
      |                   ^~~~~~~~
      |                   wcsncmp
/home/Verevkin/VSCode/izgProject/build/CMakeFiles/CMakeTmp/CheckSymbolExists.c:14:19: note: each undeclared identifier is reported only once for each function it appears in
gmake[1]: *** [CMakeFiles/cmTC_bf43b.dir/build.make:78: CMakeFiles/cmTC_bf43b.dir/CheckSymbolExists.c.o] Error 1
gmake[1]: Leaving directory '/home/Verevkin/VSCode/izgProject/build/CMakeFiles/CMakeTmp'
gmake: *** [Makefile:127: cmTC_bf43b/fast] Error 2


File /home/Verevkin/VSCode/izgProject/build/CMakeFiles/CMakeTmp/CheckSymbolExists.c:
/* */
#include <stddef.h>
#include <stdarg.h>
#include <stdlib.h>
#include <string.h>
#include <stdio.h>
#include <wchar.h>
#include <float.h>

int main(int argc, char** argv)
{
  (void)argv;
#ifndef _wcsicmp
  return ((int*)(&_wcsicmp))[argc];
#else
  (void)argc;
  return 0;
#endif
}
Determining if the _wcsnicmp exist failed with the following output:
Change Dir: /home/Verevkin/VSCode/izgProject/build/CMakeFiles/CMakeTmp

Run Build Command(s):/usr/bin/gmake -f Makefile cmTC_e36f3/fast && /usr/bin/gmake  -f CMakeFiles/cmTC_e36f3.dir/build.make CMakeFiles/cmTC_e36f3.dir/build
gmake[1]: Entering directory '/home/Verevkin/VSCode/izgProject/build/CMakeFiles/CMakeTmp'
Building C object CMakeFiles/cmTC_e36f3.dir/CheckSymbolExists.c.o
/usr/bin/cc   -idirafter "/home/Verevkin/VSCode/izgProject/libs/SDL2-2.0.20/src/video/khronos"  -o CMakeFiles/cmTC_e36f3.dir/CheckSymbolExists.c.o -c /home/Verevkin/VSCode/izgProject/build/CMakeFiles/CMakeTmp/CheckSymbolExists.c
/home/Verevkin/VSCode/izgProject/build/CMakeFiles/CMakeTmp/CheckSymbolExists.c: In function ‘main’:
/home/Verevkin/VSCode/izgProject/build/CMakeFiles/CMakeTmp/CheckSymbolExists.c:14:19: error: ‘_wcsnicmp’ undeclared (first use in this function); did you mean ‘wcsncmp’?
   14 |   return ((int*)(&_wcsnicmp))[argc];
      |                   ^~~~~~~~~
      |                   wcsncmp
/home/Verevkin/VSCode/izgProject/build/CMakeFiles/CMakeTmp/CheckSymbolExists.c:14:19: note: each undeclared identifier is reported only once for each function it appears in
gmake[1]: *** [CMakeFiles/cmTC_e36f3.dir/build.make:78: CMakeFiles/cmTC_e36f3.dir/CheckSymbolExists.c.o] Error 1
gmake[1]: Leaving directory '/home/Verevkin/VSCode/izgProject/build/CMakeFiles/CMakeTmp'
gmake: *** [Makefile:127: cmTC_e36f3/fast] Error 2


File /home/Verevkin/VSCode/izgProject/build/CMakeFiles/CMakeTmp/CheckSymbolExists.c:
/* */
#include <stddef.h>
#include <stdarg.h>
#include <stdlib.h>
#include <string.h>
#include <stdio.h>
#include <wchar.h>
#include <float.h>

int main(int argc, char** argv)
{
  (void)argv;
#ifndef _wcsnicmp
  return ((int*)(&_wcsnicmp))[argc];
#else
  (void)argc;
  return 0;
#endif
}
Determining if the fopen64 exist failed with the following output:
Change Dir: /home/Verevkin/VSCode/izgProject/build/CMakeFiles/CMakeTmp

Run Build Command(s):/usr/bin/gmake -f Makefile cmTC_7d8c8/fast && /usr/bin/gmake  -f CMakeFiles/cmTC_7d8c8.dir/build.make CMakeFiles/cmTC_7d8c8.dir/build
gmake[1]: Entering directory '/home/Verevkin/VSCode/izgProject/build/CMakeFiles/CMakeTmp'
Building C object CMakeFiles/cmTC_7d8c8.dir/CheckSymbolExists.c.o
/usr/bin/cc   -idirafter "/home/Verevkin/VSCode/izgProject/libs/SDL2-2.0.20/src/video/khronos"  -o CMakeFiles/cmTC_7d8c8.dir/CheckSymbolExists.c.o -c /home/Verevkin/VSCode/izgProject/build/CMakeFiles/CMakeTmp/CheckSymbolExists.c
/home/Verevkin/VSCode/izgProject/build/CMakeFiles/CMakeTmp/CheckSymbolExists.c: In function ‘main’:
/home/Verevkin/VSCode/izgProject/build/CMakeFiles/CMakeTmp/CheckSymbolExists.c:14:19: error: ‘fopen64’ undeclared (first use in this function); did you mean ‘fopen’?
   14 |   return ((int*)(&fopen64))[argc];
      |                   ^~~~~~~
      |                   fopen
/home/Verevkin/VSCode/izgProject/build/CMakeFiles/CMakeTmp/CheckSymbolExists.c:14:19: note: each undeclared identifier is reported only once for each function it appears in
gmake[1]: *** [CMakeFiles/cmTC_7d8c8.dir/build.make:78: CMakeFiles/cmTC_7d8c8.dir/CheckSymbolExists.c.o] Error 1
gmake[1]: Leaving directory '/home/Verevkin/VSCode/izgProject/build/CMakeFiles/CMakeTmp'
gmake: *** [Makefile:127: cmTC_7d8c8/fast] Error 2


File /home/Verevkin/VSCode/izgProject/build/CMakeFiles/CMakeTmp/CheckSymbolExists.c:
/* */
#include <stddef.h>
#include <stdarg.h>
#include <stdlib.h>
#include <string.h>
#include <stdio.h>
#include <wchar.h>
#include <float.h>

int main(int argc, char** argv)
{
  (void)argv;
#ifndef fopen64
  return ((int*)(&fopen64))[argc];
#else
  (void)argc;
  return 0;
#endif
}
Determining if the fseeko64 exist failed with the following output:
Change Dir: /home/Verevkin/VSCode/izgProject/build/CMakeFiles/CMakeTmp

Run Build Command(s):/usr/bin/gmake -f Makefile cmTC_799bb/fast && /usr/bin/gmake  -f CMakeFiles/cmTC_799bb.dir/build.make CMakeFiles/cmTC_799bb.dir/build
gmake[1]: Entering directory '/home/Verevkin/VSCode/izgProject/build/CMakeFiles/CMakeTmp'
Building C object CMakeFiles/cmTC_799bb.dir/CheckSymbolExists.c.o
/usr/bin/cc   -idirafter "/home/Verevkin/VSCode/izgProject/libs/SDL2-2.0.20/src/video/khronos"  -o CMakeFiles/cmTC_799bb.dir/CheckSymbolExists.c.o -c /home/Verevkin/VSCode/izgProject/build/CMakeFiles/CMakeTmp/CheckSymbolExists.c
/home/Verevkin/VSCode/izgProject/build/CMakeFiles/CMakeTmp/CheckSymbolExists.c: In function ‘main’:
/home/Verevkin/VSCode/izgProject/build/CMakeFiles/CMakeTmp/CheckSymbolExists.c:14:19: error: ‘fseeko64’ undeclared (first use in this function); did you mean ‘fseeko’?
   14 |   return ((int*)(&fseeko64))[argc];
      |                   ^~~~~~~~
      |                   fseeko
/home/Verevkin/VSCode/izgProject/build/CMakeFiles/CMakeTmp/CheckSymbolExists.c:14:19: note: each undeclared identifier is reported only once for each function it appears in
gmake[1]: *** [CMakeFiles/cmTC_799bb.dir/build.make:78: CMakeFiles/cmTC_799bb.dir/CheckSymbolExists.c.o] Error 1
gmake[1]: Leaving directory '/home/Verevkin/VSCode/izgProject/build/CMakeFiles/CMakeTmp'
gmake: *** [Makefile:127: cmTC_799bb/fast] Error 2


File /home/Verevkin/VSCode/izgProject/build/CMakeFiles/CMakeTmp/CheckSymbolExists.c:
/* */
#include <stddef.h>
#include <stdarg.h>
#include <stdlib.h>
#include <string.h>
#include <stdio.h>
#include <wchar.h>
#include <float.h>

int main(int argc, char** argv)
{
  (void)argv;
#ifndef fseeko64
  return ((int*)(&fseeko64))[argc];
#else
  (void)argc;
  return 0;
#endif
}
Determining if the sysctlbyname exist failed with the following output:
Change Dir: /home/Verevkin/VSCode/izgProject/build/CMakeFiles/CMakeTmp

Run Build Command(s):/usr/bin/gmake -f Makefile cmTC_427b4/fast && /usr/bin/gmake  -f CMakeFiles/cmTC_427b4.dir/build.make CMakeFiles/cmTC_427b4.dir/build
gmake[1]: Entering directory '/home/Verevkin/VSCode/izgProject/build/CMakeFiles/CMakeTmp'
Building C object CMakeFiles/cmTC_427b4.dir/CheckSymbolExists.c.o
/usr/bin/cc   -idirafter "/home/Verevkin/VSCode/izgProject/libs/SDL2-2.0.20/src/video/khronos"  -o CMakeFiles/cmTC_427b4.dir/CheckSymbolExists.c.o -c /home/Verevkin/VSCode/izgProject/build/CMakeFiles/CMakeTmp/CheckSymbolExists.c
/home/Verevkin/VSCode/izgProject/build/CMakeFiles/CMakeTmp/CheckSymbolExists.c:3:10: fatal error: sys/sysctl.h: No such file or directory
    3 | #include <sys/sysctl.h>
      |          ^~~~~~~~~~~~~~
compilation terminated.
gmake[1]: *** [CMakeFiles/cmTC_427b4.dir/build.make:78: CMakeFiles/cmTC_427b4.dir/CheckSymbolExists.c.o] Error 1
gmake[1]: Leaving directory '/home/Verevkin/VSCode/izgProject/build/CMakeFiles/CMakeTmp'
gmake: *** [Makefile:127: cmTC_427b4/fast] Error 2


File /home/Verevkin/VSCode/izgProject/build/CMakeFiles/CMakeTmp/CheckSymbolExists.c:
/* */
#include <sys/types.h>
#include <sys/sysctl.h>

int main(int argc, char** argv)
{
  (void)argv;
#ifndef sysctlbyname
  return ((int*)(&sysctlbyname))[argc];
#else
  (void)argc;
  return 0;
#endif
}
Determining if the elf_aux_info exist failed with the following output:
Change Dir: /home/Verevkin/VSCode/izgProject/build/CMakeFiles/CMakeTmp

Run Build Command(s):/usr/bin/gmake -f Makefile cmTC_10449/fast && /usr/bin/gmake  -f CMakeFiles/cmTC_10449.dir/build.make CMakeFiles/cmTC_10449.dir/build
gmake[1]: Entering directory '/home/Verevkin/VSCode/izgProject/build/CMakeFiles/CMakeTmp'
Building C object CMakeFiles/cmTC_10449.dir/CheckSymbolExists.c.o
/usr/bin/cc   -idirafter "/home/Verevkin/VSCode/izgProject/libs/SDL2-2.0.20/src/video/khronos"  -o CMakeFiles/cmTC_10449.dir/CheckSymbolExists.c.o -c /home/Verevkin/VSCode/izgProject/build/CMakeFiles/CMakeTmp/CheckSymbolExists.c
/home/Verevkin/VSCode/izgProject/build/CMakeFiles/CMakeTmp/CheckSymbolExists.c: In function ‘main’:
/home/Verevkin/VSCode/izgProject/build/CMakeFiles/CMakeTmp/CheckSymbolExists.c:8:19: error: ‘elf_aux_info’ undeclared (first use in this function)
    8 |   return ((int*)(&elf_aux_info))[argc];
      |                   ^~~~~~~~~~~~
/home/Verevkin/VSCode/izgProject/build/CMakeFiles/CMakeTmp/CheckSymbolExists.c:8:19: note: each undeclared identifier is reported only once for each function it appears in
gmake[1]: *** [CMakeFiles/cmTC_10449.dir/build.make:78: CMakeFiles/cmTC_10449.dir/CheckSymbolExists.c.o] Error 1
gmake[1]: Leaving directory '/home/Verevkin/VSCode/izgProject/build/CMakeFiles/CMakeTmp'
gmake: *** [Makefile:127: cmTC_10449/fast] Error 2


File /home/Verevkin/VSCode/izgProject/build/CMakeFiles/CMakeTmp/CheckSymbolExists.c:
/* */
#include <sys/auxv.h>

int main(int argc, char** argv)
{
  (void)argv;
#ifndef elf_aux_info
  return ((int*)(&elf_aux_info))[argc];
#else
  (void)argc;
  return 0;
#endif
}
Determining if the function iconv_open exists in the iconv failed with the following output:
Change Dir: /home/Verevkin/VSCode/izgProject/build/CMakeFiles/CMakeTmp

Run Build Command(s):/usr/bin/gmake -f Makefile cmTC_87812/fast && /usr/bin/gmake  -f CMakeFiles/cmTC_87812.dir/build.make CMakeFiles/cmTC_87812.dir/build
gmake[1]: Entering directory '/home/Verevkin/VSCode/izgProject/build/CMakeFiles/CMakeTmp'
Building C object CMakeFiles/cmTC_87812.dir/CheckFunctionExists.c.o
/usr/bin/cc   -idirafter "/home/Verevkin/VSCode/izgProject/libs/SDL2-2.0.20/src/video/khronos" -DCHECK_FUNCTION_EXISTS=iconv_open -o CMakeFiles/cmTC_87812.dir/CheckFunctionExists.c.o -c /usr/share/cmake/Modules/CheckFunctionExists.c
Linking C executable cmTC_87812
/usr/bin/cmake -E cmake_link_script CMakeFiles/cmTC_87812.dir/link.txt --verbose=1
/usr/bin/cc  -idirafter "/home/Verevkin/VSCode/izgProject/libs/SDL2-2.0.20/src/video/khronos" -DCHECK_FUNCTION_EXISTS=iconv_open -rdynamic CMakeFiles/cmTC_87812.dir/CheckFunctionExists.c.o -o cmTC_87812  -liconv 
/usr/bin/ld: cannot find -liconv
collect2: error: ld returned 1 exit status
gmake[1]: *** [CMakeFiles/cmTC_87812.dir/build.make:99: cmTC_87812] Error 1
gmake[1]: Leaving directory '/home/Verevkin/VSCode/izgProject/build/CMakeFiles/CMakeTmp'
gmake: *** [Makefile:127: cmTC_87812/fast] Error 2



Determining if the alloca exist failed with the following output:
Change Dir: /home/Verevkin/VSCode/izgProject/build/CMakeFiles/CMakeTmp

Run Build Command(s):/usr/bin/gmake -f Makefile cmTC_abd25/fast && /usr/bin/gmake  -f CMakeFiles/cmTC_abd25.dir/build.make CMakeFiles/cmTC_abd25.dir/build
gmake[1]: Entering directory '/home/Verevkin/VSCode/izgProject/build/CMakeFiles/CMakeTmp'
Building C object CMakeFiles/cmTC_abd25.dir/CheckSymbolExists.c.o
/usr/bin/cc   -idirafter "/home/Verevkin/VSCode/izgProject/libs/SDL2-2.0.20/src/video/khronos"  -o CMakeFiles/cmTC_abd25.dir/CheckSymbolExists.c.o -c /home/Verevkin/VSCode/izgProject/build/CMakeFiles/CMakeTmp/CheckSymbolExists.c
/home/Verevkin/VSCode/izgProject/build/CMakeFiles/CMakeTmp/CheckSymbolExists.c: In function ‘main’:
/home/Verevkin/VSCode/izgProject/build/CMakeFiles/CMakeTmp/CheckSymbolExists.c:8:19: error: ‘alloca’ undeclared (first use in this function); did you mean ‘valloc’?
    8 |   return ((int*)(&alloca))[argc];
      |                   ^~~~~~
      |                   valloc
/home/Verevkin/VSCode/izgProject/build/CMakeFiles/CMakeTmp/CheckSymbolExists.c:8:19: note: each undeclared identifier is reported only once for each function it appears in
gmake[1]: *** [CMakeFiles/cmTC_abd25.dir/build.make:78: CMakeFiles/cmTC_abd25.dir/CheckSymbolExists.c.o] Error 1
gmake[1]: Leaving directory '/home/Verevkin/VSCode/izgProject/build/CMakeFiles/CMakeTmp'
gmake: *** [Makefile:127: cmTC_abd25/fast] Error 2


File /home/Verevkin/VSCode/izgProject/build/CMakeFiles/CMakeTmp/CheckSymbolExists.c:
/* */
#include <malloc.h>

int main(int argc, char** argv)
{
  (void)argv;
#ifndef alloca
  return ((int*)(&alloca))[argc];
#else
  (void)argc;
  return 0;
#endif
}
Determining if the include file alsa/asoundlib.h exists failed with the following output:
Change Dir: /home/Verevkin/VSCode/izgProject/build/CMakeFiles/CMakeTmp

Run Build Command(s):/usr/bin/gmake -f Makefile cmTC_0adeb/fast && /usr/bin/gmake  -f CMakeFiles/cmTC_0adeb.dir/build.make CMakeFiles/cmTC_0adeb.dir/build
gmake[1]: Entering directory '/home/Verevkin/VSCode/izgProject/build/CMakeFiles/CMakeTmp'
Building C object CMakeFiles/cmTC_0adeb.dir/CheckIncludeFile.c.o
/usr/bin/cc   -idirafter "/home/Verevkin/VSCode/izgProject/libs/SDL2-2.0.20/src/video/khronos"  -o CMakeFiles/cmTC_0adeb.dir/CheckIncludeFile.c.o -c /home/Verevkin/VSCode/izgProject/build/CMakeFiles/CMakeTmp/CheckIncludeFile.c
/home/Verevkin/VSCode/izgProject/build/CMakeFiles/CMakeTmp/CheckIncludeFile.c:1:10: fatal error: alsa/asoundlib.h: No such file or directory
    1 | #include <alsa/asoundlib.h>
      |          ^~~~~~~~~~~~~~~~~~
compilation terminated.
gmake[1]: *** [CMakeFiles/cmTC_0adeb.dir/build.make:78: CMakeFiles/cmTC_0adeb.dir/CheckIncludeFile.c.o] Error 1
gmake[1]: Leaving directory '/home/Verevkin/VSCode/izgProject/build/CMakeFiles/CMakeTmp'
gmake: *** [Makefile:127: cmTC_0adeb/fast] Error 2



Determining if the include file audio/audiolib.h exists failed with the following output:
Change Dir: /home/Verevkin/VSCode/izgProject/build/CMakeFiles/CMakeTmp

Run Build Command(s):/usr/bin/gmake -f Makefile cmTC_3474a/fast && /usr/bin/gmake  -f CMakeFiles/cmTC_3474a.dir/build.make CMakeFiles/cmTC_3474a.dir/build
gmake[1]: Entering directory '/home/Verevkin/VSCode/izgProject/build/CMakeFiles/CMakeTmp'
Building C object CMakeFiles/cmTC_3474a.dir/CheckIncludeFile.c.o
/usr/bin/cc   -idirafter "/home/Verevkin/VSCode/izgProject/libs/SDL2-2.0.20/src/video/khronos"  -o CMakeFiles/cmTC_3474a.dir/CheckIncludeFile.c.o -c /home/Verevkin/VSCode/izgProject/build/CMakeFiles/CMakeTmp/CheckIncludeFile.c
/home/Verevkin/VSCode/izgProject/build/CMakeFiles/CMakeTmp/CheckIncludeFile.c:1:10: fatal error: audio/audiolib.h: No such file or directory
    1 | #include <audio/audiolib.h>
      |          ^~~~~~~~~~~~~~~~~~
compilation terminated.
gmake[1]: *** [CMakeFiles/cmTC_3474a.dir/build.make:78: CMakeFiles/cmTC_3474a.dir/CheckIncludeFile.c.o] Error 1
gmake[1]: Leaving directory '/home/Verevkin/VSCode/izgProject/build/CMakeFiles/CMakeTmp'
gmake: *** [Makefile:127: cmTC_3474a/fast] Error 2



Determining if the include file sndio.h exists failed with the following output:
Change Dir: /home/Verevkin/VSCode/izgProject/build/CMakeFiles/CMakeTmp

Run Build Command(s):/usr/bin/gmake -f Makefile cmTC_9998d/fast && /usr/bin/gmake  -f CMakeFiles/cmTC_9998d.dir/build.make CMakeFiles/cmTC_9998d.dir/build
gmake[1]: Entering directory '/home/Verevkin/VSCode/izgProject/build/CMakeFiles/CMakeTmp'
Building C object CMakeFiles/cmTC_9998d.dir/CheckIncludeFile.c.o
/usr/bin/cc   -idirafter "/home/Verevkin/VSCode/izgProject/libs/SDL2-2.0.20/src/video/khronos"  -o CMakeFiles/cmTC_9998d.dir/CheckIncludeFile.c.o -c /home/Verevkin/VSCode/izgProject/build/CMakeFiles/CMakeTmp/CheckIncludeFile.c
/home/Verevkin/VSCode/izgProject/build/CMakeFiles/CMakeTmp/CheckIncludeFile.c:1:10: fatal error: sndio.h: No such file or directory
    1 | #include <sndio.h>
      |          ^~~~~~~~~
compilation terminated.
gmake[1]: *** [CMakeFiles/cmTC_9998d.dir/build.make:78: CMakeFiles/cmTC_9998d.dir/CheckIncludeFile.c.o] Error 1
gmake[1]: Leaving directory '/home/Verevkin/VSCode/izgProject/build/CMakeFiles/CMakeTmp'
gmake: *** [Makefile:127: cmTC_9998d/fast] Error 2



Determining if the include file samplerate.h exists failed with the following output:
Change Dir: /home/Verevkin/VSCode/izgProject/build/CMakeFiles/CMakeTmp

Run Build Command(s):/usr/bin/gmake -f Makefile cmTC_cc2d5/fast && /usr/bin/gmake  -f CMakeFiles/cmTC_cc2d5.dir/build.make CMakeFiles/cmTC_cc2d5.dir/build
gmake[1]: Entering directory '/home/Verevkin/VSCode/izgProject/build/CMakeFiles/CMakeTmp'
Building C object CMakeFiles/cmTC_cc2d5.dir/CheckIncludeFile.c.o
/usr/bin/cc   -idirafter "/home/Verevkin/VSCode/izgProject/libs/SDL2-2.0.20/src/video/khronos"  -o CMakeFiles/cmTC_cc2d5.dir/CheckIncludeFile.c.o -c /home/Verevkin/VSCode/izgProject/build/CMakeFiles/CMakeTmp/CheckIncludeFile.c
/home/Verevkin/VSCode/izgProject/build/CMakeFiles/CMakeTmp/CheckIncludeFile.c:1:10: fatal error: samplerate.h: No such file or directory
    1 | #include <samplerate.h>
      |          ^~~~~~~~~~~~~~
compilation terminated.
gmake[1]: *** [CMakeFiles/cmTC_cc2d5.dir/build.make:78: CMakeFiles/cmTC_cc2d5.dir/CheckIncludeFile.c.o] Error 1
gmake[1]: Leaving directory '/home/Verevkin/VSCode/izgProject/build/CMakeFiles/CMakeTmp'
gmake: *** [Makefile:127: cmTC_cc2d5/fast] Error 2



Performing C SOURCE FILE Test HAVE_RPI failed with the following output:
Change Dir: /home/Verevkin/VSCode/izgProject/build/CMakeFiles/CMakeTmp

Run Build Command(s):/usr/bin/gmake -f Makefile cmTC_c4430/fast && /usr/bin/gmake  -f CMakeFiles/cmTC_c4430.dir/build.make CMakeFiles/cmTC_c4430.dir/build
gmake[1]: Entering directory '/home/Verevkin/VSCode/izgProject/build/CMakeFiles/CMakeTmp'
Building C object CMakeFiles/cmTC_c4430.dir/src.c.o
/usr/bin/cc -DHAVE_RPI  -idirafter "/home/Verevkin/VSCode/izgProject/libs/SDL2-2.0.20/src/video/khronos"  -I/opt/vc/include/interface/vmcs_host/linux/ -I/opt/vc/include/interface/vcos/pthreads -I/opt/vc/include  -L/opt/vc/lib -std=gnu99 -o CMakeFiles/cmTC_c4430.dir/src.c.o -c /home/Verevkin/VSCode/izgProject/build/CMakeFiles/CMakeTmp/src.c
/home/Verevkin/VSCode/izgProject/build/CMakeFiles/CMakeTmp/src.c:2:18: fatal error: bcm_host.h: No such file or directory
    2 |         #include <bcm_host.h>
      |                  ^~~~~~~~~~~~
compilation terminated.
gmake[1]: *** [CMakeFiles/cmTC_c4430.dir/build.make:78: CMakeFiles/cmTC_c4430.dir/src.c.o] Error 1
gmake[1]: Leaving directory '/home/Verevkin/VSCode/izgProject/build/CMakeFiles/CMakeTmp'
gmake: *** [Makefile:127: cmTC_c4430/fast] Error 2


Source file was:

        #include <bcm_host.h>
        #include <EGL/eglplatform.h>
        int main(int argc, char **argv) {
          EGL_DISPMANX_WINDOW_T window;
          bcm_host_init();
        }
Determining if the include file X11/Xcursor/Xcursor.h exists failed with the following output:
Change Dir: /home/Verevkin/VSCode/izgProject/build/CMakeFiles/CMakeTmp

Run Build Command(s):/usr/bin/gmake -f Makefile cmTC_a129e/fast && /usr/bin/gmake  -f CMakeFiles/cmTC_a129e.dir/build.make CMakeFiles/cmTC_a129e.dir/build
gmake[1]: Entering directory '/home/Verevkin/VSCode/izgProject/build/CMakeFiles/CMakeTmp'
Building C object CMakeFiles/cmTC_a129e.dir/CheckIncludeFile.c.o
/usr/bin/cc   -idirafter "/home/Verevkin/VSCode/izgProject/libs/SDL2-2.0.20/src/video/khronos"  -o CMakeFiles/cmTC_a129e.dir/CheckIncludeFile.c.o -c /home/Verevkin/VSCode/izgProject/build/CMakeFiles/CMakeTmp/CheckIncludeFile.c
/home/Verevkin/VSCode/izgProject/build/CMakeFiles/CMakeTmp/CheckIncludeFile.c:1:10: fatal error: X11/Xcursor/Xcursor.h: No such file or directory
    1 | #include <X11/Xcursor/Xcursor.h>
      |          ^~~~~~~~~~~~~~~~~~~~~~~
compilation terminated.
gmake[1]: *** [CMakeFiles/cmTC_a129e.dir/build.make:78: CMakeFiles/cmTC_a129e.dir/CheckIncludeFile.c.o] Error 1
gmake[1]: Leaving directory '/home/Verevkin/VSCode/izgProject/build/CMakeFiles/CMakeTmp'
gmake: *** [Makefile:127: cmTC_a129e/fast] Error 2



Determining if the include file X11/extensions/Xinerama.h exists failed with the following output:
Change Dir: /home/Verevkin/VSCode/izgProject/build/CMakeFiles/CMakeTmp

Run Build Command(s):/usr/bin/gmake -f Makefile cmTC_a04d9/fast && /usr/bin/gmake  -f CMakeFiles/cmTC_a04d9.dir/build.make CMakeFiles/cmTC_a04d9.dir/build
gmake[1]: Entering directory '/home/Verevkin/VSCode/izgProject/build/CMakeFiles/CMakeTmp'
Building C object CMakeFiles/cmTC_a04d9.dir/CheckIncludeFile.c.o
/usr/bin/cc   -idirafter "/home/Verevkin/VSCode/izgProject/libs/SDL2-2.0.20/src/video/khronos"  -o CMakeFiles/cmTC_a04d9.dir/CheckIncludeFile.c.o -c /home/Verevkin/VSCode/izgProject/build/CMakeFiles/CMakeTmp/CheckIncludeFile.c
/home/Verevkin/VSCode/izgProject/build/CMakeFiles/CMakeTmp/CheckIncludeFile.c:1:10: fatal error: X11/extensions/Xinerama.h: No such file or directory
    1 | #include <X11/extensions/Xinerama.h>
      |          ^~~~~~~~~~~~~~~~~~~~~~~~~~~
compilation terminated.
gmake[1]: *** [CMakeFiles/cmTC_a04d9.dir/build.make:78: CMakeFiles/cmTC_a04d9.dir/CheckIncludeFile.c.o] Error 1
gmake[1]: Leaving directory '/home/Verevkin/VSCode/izgProject/build/CMakeFiles/CMakeTmp'
gmake: *** [Makefile:127: cmTC_a04d9/fast] Error 2



Determining if the include file X11/extensions/XInput2.h exists failed with the following output:
Change Dir: /home/Verevkin/VSCode/izgProject/build/CMakeFiles/CMakeTmp

Run Build Command(s):/usr/bin/gmake -f Makefile cmTC_89db7/fast && /usr/bin/gmake  -f CMakeFiles/cmTC_89db7.dir/build.make CMakeFiles/cmTC_89db7.dir/build
gmake[1]: Entering directory '/home/Verevkin/VSCode/izgProject/build/CMakeFiles/CMakeTmp'
Building C object CMakeFiles/cmTC_89db7.dir/CheckIncludeFile.c.o
/usr/bin/cc   -idirafter "/home/Verevkin/VSCode/izgProject/libs/SDL2-2.0.20/src/video/khronos"  -o CMakeFiles/cmTC_89db7.dir/CheckIncludeFile.c.o -c /home/Verevkin/VSCode/izgProject/build/CMakeFiles/CMakeTmp/CheckIncludeFile.c
/home/Verevkin/VSCode/izgProject/build/CMakeFiles/CMakeTmp/CheckIncludeFile.c:1:10: fatal error: X11/extensions/XInput2.h: No such file or directory
    1 | #include <X11/extensions/XInput2.h>
      |          ^~~~~~~~~~~~~~~~~~~~~~~~~~
compilation terminated.
gmake[1]: *** [CMakeFiles/cmTC_89db7.dir/build.make:78: CMakeFiles/cmTC_89db7.dir/CheckIncludeFile.c.o] Error 1
gmake[1]: Leaving directory '/home/Verevkin/VSCode/izgProject/build/CMakeFiles/CMakeTmp'
gmake: *** [Makefile:127: cmTC_89db7/fast] Error 2



Determining if the include file X11/extensions/Xrandr.h exists failed with the following output:
Change Dir: /home/Verevkin/VSCode/izgProject/build/CMakeFiles/CMakeTmp

Run Build Command(s):/usr/bin/gmake -f Makefile cmTC_46d18/fast && /usr/bin/gmake  -f CMakeFiles/cmTC_46d18.dir/build.make CMakeFiles/cmTC_46d18.dir/build
gmake[1]: Entering directory '/home/Verevkin/VSCode/izgProject/build/CMakeFiles/CMakeTmp'
Building C object CMakeFiles/cmTC_46d18.dir/CheckIncludeFile.c.o
/usr/bin/cc   -idirafter "/home/Verevkin/VSCode/izgProject/libs/SDL2-2.0.20/src/video/khronos"  -o CMakeFiles/cmTC_46d18.dir/CheckIncludeFile.c.o -c /home/Verevkin/VSCode/izgProject/build/CMakeFiles/CMakeTmp/CheckIncludeFile.c
/home/Verevkin/VSCode/izgProject/build/CMakeFiles/CMakeTmp/CheckIncludeFile.c:1:10: fatal error: X11/extensions/Xrandr.h: No such file or directory
    1 | #include <X11/extensions/Xrandr.h>
      |          ^~~~~~~~~~~~~~~~~~~~~~~~~
compilation terminated.
gmake[1]: *** [CMakeFiles/cmTC_46d18.dir/build.make:78: CMakeFiles/cmTC_46d18.dir/CheckIncludeFile.c.o] Error 1
gmake[1]: Leaving directory '/home/Verevkin/VSCode/izgProject/build/CMakeFiles/CMakeTmp'
gmake: *** [Makefile:127: cmTC_46d18/fast] Error 2



Determining if the include file X11/extensions/Xfixes.h exists failed with the following output:
Change Dir: /home/Verevkin/VSCode/izgProject/build/CMakeFiles/CMakeTmp

Run Build Command(s):/usr/bin/gmake -f Makefile cmTC_cb4bd/fast && /usr/bin/gmake  -f CMakeFiles/cmTC_cb4bd.dir/build.make CMakeFiles/cmTC_cb4bd.dir/build
gmake[1]: Entering directory '/home/Verevkin/VSCode/izgProject/build/CMakeFiles/CMakeTmp'
Building C object CMakeFiles/cmTC_cb4bd.dir/CheckIncludeFile.c.o
/usr/bin/cc   -idirafter "/home/Verevkin/VSCode/izgProject/libs/SDL2-2.0.20/src/video/khronos"  -o CMakeFiles/cmTC_cb4bd.dir/CheckIncludeFile.c.o -c /home/Verevkin/VSCode/izgProject/build/CMakeFiles/CMakeTmp/CheckIncludeFile.c
/home/Verevkin/VSCode/izgProject/build/CMakeFiles/CMakeTmp/CheckIncludeFile.c:1:10: fatal error: X11/extensions/Xfixes.h: No such file or directory
    1 | #include <X11/extensions/Xfixes.h>
      |          ^~~~~~~~~~~~~~~~~~~~~~~~~
compilation terminated.
gmake[1]: *** [CMakeFiles/cmTC_cb4bd.dir/build.make:78: CMakeFiles/cmTC_cb4bd.dir/CheckIncludeFile.c.o] Error 1
gmake[1]: Leaving directory '/home/Verevkin/VSCode/izgProject/build/CMakeFiles/CMakeTmp'
gmake: *** [Makefile:127: cmTC_cb4bd/fast] Error 2



Determining if the include file X11/extensions/Xrender.h exists failed with the following output:
Change Dir: /home/Verevkin/VSCode/izgProject/build/CMakeFiles/CMakeTmp

Run Build Command(s):/usr/bin/gmake -f Makefile cmTC_934cf/fast && /usr/bin/gmake  -f CMakeFiles/cmTC_934cf.dir/build.make CMakeFiles/cmTC_934cf.dir/build
gmake[1]: Entering directory '/home/Verevkin/VSCode/izgProject/build/CMakeFiles/CMakeTmp'
Building C object CMakeFiles/cmTC_934cf.dir/CheckIncludeFile.c.o
/usr/bin/cc   -idirafter "/home/Verevkin/VSCode/izgProject/libs/SDL2-2.0.20/src/video/khronos"  -o CMakeFiles/cmTC_934cf.dir/CheckIncludeFile.c.o -c /home/Verevkin/VSCode/izgProject/build/CMakeFiles/CMakeTmp/CheckIncludeFile.c
/home/Verevkin/VSCode/izgProject/build/CMakeFiles/CMakeTmp/CheckIncludeFile.c:1:10: fatal error: X11/extensions/Xrender.h: No such file or directory
    1 | #include <X11/extensions/Xrender.h>
      |          ^~~~~~~~~~~~~~~~~~~~~~~~~~
compilation terminated.
gmake[1]: *** [CMakeFiles/cmTC_934cf.dir/build.make:78: CMakeFiles/cmTC_934cf.dir/CheckIncludeFile.c.o] Error 1
gmake[1]: Leaving directory '/home/Verevkin/VSCode/izgProject/build/CMakeFiles/CMakeTmp'
gmake: *** [Makefile:127: cmTC_934cf/fast] Error 2



Determining if the include file X11/extensions/scrnsaver.h exists failed with the following output:
Change Dir: /home/Verevkin/VSCode/izgProject/build/CMakeFiles/CMakeTmp

Run Build Command(s):/usr/bin/gmake -f Makefile cmTC_14dd3/fast && /usr/bin/gmake  -f CMakeFiles/cmTC_14dd3.dir/build.make CMakeFiles/cmTC_14dd3.dir/build
gmake[1]: Entering directory '/home/Verevkin/VSCode/izgProject/build/CMakeFiles/CMakeTmp'
Building C object CMakeFiles/cmTC_14dd3.dir/CheckIncludeFile.c.o
/usr/bin/cc   -idirafter "/home/Verevkin/VSCode/izgProject/libs/SDL2-2.0.20/src/video/khronos"  -o CMakeFiles/cmTC_14dd3.dir/CheckIncludeFile.c.o -c /home/Verevkin/VSCode/izgProject/build/CMakeFiles/CMakeTmp/CheckIncludeFile.c
/home/Verevkin/VSCode/izgProject/build/CMakeFiles/CMakeTmp/CheckIncludeFile.c:1:10: fatal error: X11/extensions/scrnsaver.h: No such file or directory
    1 | #include <X11/extensions/scrnsaver.h>
      |          ^~~~~~~~~~~~~~~~~~~~~~~~~~~~
compilation terminated.
gmake[1]: *** [CMakeFiles/cmTC_14dd3.dir/build.make:78: CMakeFiles/cmTC_14dd3.dir/CheckIncludeFile.c.o] Error 1
gmake[1]: Leaving directory '/home/Verevkin/VSCode/izgProject/build/CMakeFiles/CMakeTmp'
gmake: *** [Makefile:127: cmTC_14dd3/fast] Error 2



Determining if files X11/Xlib.h;X11/extensions/xf86vmode.h exist failed with the following output:
Change Dir: /home/Verevkin/VSCode/izgProject/build/CMakeFiles/CMakeTmp

Run Build Command(s):/usr/bin/gmake -f Makefile cmTC_d460d/fast && /usr/bin/gmake  -f CMakeFiles/cmTC_d460d.dir/build.make CMakeFiles/cmTC_d460d.dir/build
gmake[1]: Entering directory '/home/Verevkin/VSCode/izgProject/build/CMakeFiles/CMakeTmp'
Building C object CMakeFiles/cmTC_d460d.dir/HAVE_XF86VM_H.c.o
/usr/bin/cc   -idirafter "/home/Verevkin/VSCode/izgProject/libs/SDL2-2.0.20/src/video/khronos"  -o CMakeFiles/cmTC_d460d.dir/HAVE_XF86VM_H.c.o -c /home/Verevkin/VSCode/izgProject/build/CMakeFiles/CheckIncludeFiles/HAVE_XF86VM_H.c
/home/Verevkin/VSCode/izgProject/build/CMakeFiles/CheckIncludeFiles/HAVE_XF86VM_H.c:3:10: fatal error: X11/extensions/xf86vmode.h: No such file or directory
    3 | #include <X11/extensions/xf86vmode.h>
      |          ^~~~~~~~~~~~~~~~~~~~~~~~~~~~
compilation terminated.
gmake[1]: *** [CMakeFiles/cmTC_d460d.dir/build.make:78: CMakeFiles/cmTC_d460d.dir/HAVE_XF86VM_H.c.o] Error 1
gmake[1]: Leaving directory '/home/Verevkin/VSCode/izgProject/build/CMakeFiles/CMakeTmp'
gmake: *** [Makefile:127: cmTC_d460d/fast] Error 2


Source:
/* */
#include <X11/Xlib.h>
#include <X11/extensions/xf86vmode.h>


int main(void){return 0;}

Performing C SOURCE FILE Test HAVE_VIVANTE_VDK failed with the following output:
Change Dir: /home/Verevkin/VSCode/izgProject/build/CMakeFiles/CMakeTmp

Run Build Command(s):/usr/bin/gmake -f Makefile cmTC_4299f/fast && /usr/bin/gmake  -f CMakeFiles/cmTC_4299f.dir/build.make CMakeFiles/cmTC_4299f.dir/build
gmake[1]: Entering directory '/home/Verevkin/VSCode/izgProject/build/CMakeFiles/CMakeTmp'
Building C object CMakeFiles/cmTC_4299f.dir/src.c.o
/usr/bin/cc -DHAVE_VIVANTE_VDK  -idirafter "/home/Verevkin/VSCode/izgProject/libs/SDL2-2.0.20/src/video/khronos"   -std=gnu99 -o CMakeFiles/cmTC_4299f.dir/src.c.o -c /home/Verevkin/VSCode/izgProject/build/CMakeFiles/CMakeTmp/src.c
/home/Verevkin/VSCode/izgProject/build/CMakeFiles/CMakeTmp/src.c:2:18: fatal error: gc_vdk.h: No such file or directory
    2 |         #include <gc_vdk.h>
      |                  ^~~~~~~~~~
compilation terminated.
gmake[1]: *** [CMakeFiles/cmTC_4299f.dir/build.make:78: CMakeFiles/cmTC_4299f.dir/src.c.o] Error 1
gmake[1]: Leaving directory '/home/Verevkin/VSCode/izgProject/build/CMakeFiles/CMakeTmp'
gmake: *** [Makefile:127: cmTC_4299f/fast] Error 2


Source file was:

        #include <gc_vdk.h>
        int main(int argc, char** argv) {}
Performing C SOURCE FILE Test HAVE_VIVANTE_EGL_FB failed with the following output:
Change Dir: /home/Verevkin/VSCode/izgProject/build/CMakeFiles/CMakeTmp

Run Build Command(s):/usr/bin/gmake -f Makefile cmTC_52b40/fast && /usr/bin/gmake  -f CMakeFiles/cmTC_52b40.dir/build.make CMakeFiles/cmTC_52b40.dir/build
gmake[1]: Entering directory '/home/Verevkin/VSCode/izgProject/build/CMakeFiles/CMakeTmp'
Building C object CMakeFiles/cmTC_52b40.dir/src.c.o
/usr/bin/cc -DHAVE_VIVANTE_EGL_FB  -idirafter "/home/Verevkin/VSCode/izgProject/libs/SDL2-2.0.20/src/video/khronos"   -std=gnu99 -o CMakeFiles/cmTC_52b40.dir/src.c.o -c /home/Verevkin/VSCode/izgProject/build/CMakeFiles/CMakeTmp/src.c
/home/Verevkin/VSCode/izgProject/build/CMakeFiles/CMakeTmp/src.c:4:18: fatal error: EGL/eglvivante.h: No such file or directory
    4 |         #include <EGL/eglvivante.h>
      |                  ^~~~~~~~~~~~~~~~~~
compilation terminated.
gmake[1]: *** [CMakeFiles/cmTC_52b40.dir/build.make:78: CMakeFiles/cmTC_52b40.dir/src.c.o] Error 1
gmake[1]: Leaving directory '/home/Verevkin/VSCode/izgProject/build/CMakeFiles/CMakeTmp'
gmake: *** [Makefile:127: cmTC_52b40/fast] Error 2


Source file was:

        #define LINUX
        #define EGL_API_FB
        #include <EGL/eglvivante.h>
        int main(int argc, char** argv) {}
Determining if the include file libudev.h exists failed with the following output:
Change Dir: /home/Verevkin/VSCode/izgProject/build/CMakeFiles/CMakeTmp

Run Build Command(s):/usr/bin/gmake -f Makefile cmTC_567f9/fast && /usr/bin/gmake  -f CMakeFiles/cmTC_567f9.dir/build.make CMakeFiles/cmTC_567f9.dir/build
gmake[1]: Entering directory '/home/Verevkin/VSCode/izgProject/build/CMakeFiles/CMakeTmp'
Building C object CMakeFiles/cmTC_567f9.dir/CheckIncludeFile.c.o
/usr/bin/cc   -idirafter "/home/Verevkin/VSCode/izgProject/libs/SDL2-2.0.20/src/video/khronos"   -o CMakeFiles/cmTC_567f9.dir/CheckIncludeFile.c.o -c /home/Verevkin/VSCode/izgProject/build/CMakeFiles/CMakeTmp/CheckIncludeFile.c
/home/Verevkin/VSCode/izgProject/build/CMakeFiles/CMakeTmp/CheckIncludeFile.c:1:10: fatal error: libudev.h: No such file or directory
    1 | #include <libudev.h>
      |          ^~~~~~~~~~~
compilation terminated.
gmake[1]: *** [CMakeFiles/cmTC_567f9.dir/build.make:78: CMakeFiles/cmTC_567f9.dir/CheckIncludeFile.c.o] Error 1
gmake[1]: Leaving directory '/home/Verevkin/VSCode/izgProject/build/CMakeFiles/CMakeTmp'
gmake: *** [Makefile:127: cmTC_567f9/fast] Error 2



Determining if files pthread_np.h exist failed with the following output:
Change Dir: /home/Verevkin/VSCode/izgProject/build/CMakeFiles/CMakeTmp

Run Build Command(s):/usr/bin/gmake -f Makefile cmTC_23aa0/fast && /usr/bin/gmake  -f CMakeFiles/cmTC_23aa0.dir/build.make CMakeFiles/cmTC_23aa0.dir/build
gmake[1]: Entering directory '/home/Verevkin/VSCode/izgProject/build/CMakeFiles/CMakeTmp'
Building C object CMakeFiles/cmTC_23aa0.dir/HAVE_PTHREAD_NP_H.c.o
/usr/bin/cc   -idirafter "/home/Verevkin/VSCode/izgProject/libs/SDL2-2.0.20/src/video/khronos"   -D_REENTRANT -pthread -o CMakeFiles/cmTC_23aa0.dir/HAVE_PTHREAD_NP_H.c.o -c /home/Verevkin/VSCode/izgProject/build/CMakeFiles/CheckIncludeFiles/HAVE_PTHREAD_NP_H.c
/home/Verevkin/VSCode/izgProject/build/CMakeFiles/CheckIncludeFiles/HAVE_PTHREAD_NP_H.c:2:10: fatal error: pthread_np.h: No such file or directory
    2 | #include <pthread_np.h>
      |          ^~~~~~~~~~~~~~
compilation terminated.
gmake[1]: *** [CMakeFiles/cmTC_23aa0.dir/build.make:78: CMakeFiles/cmTC_23aa0.dir/HAVE_PTHREAD_NP_H.c.o] Error 1
gmake[1]: Leaving directory '/home/Verevkin/VSCode/izgProject/build/CMakeFiles/CMakeTmp'
gmake: *** [Makefile:127: cmTC_23aa0/fast] Error 2


Source:
/* */
#include <pthread_np.h>


int main(void){return 0;}

